Arguments: 
  /usr/local/bin/node /usr/local/bin/yarn add vite-plugin-imagemin -D

PATH: 
  /usr/local/bin:/usr/bin:/bin:/usr/sbin:/sbin

Yarn version: 
  1.22.4

Node version: 
  16.13.1

Platform: 
  darwin x64

Trace: 
  Error: ENOENT: no such file or directory, copyfile '/Users/mac/Library/Caches/Yarn/v6/npm-glob-parent-6.0.2-6d237d99083950c79290f24c7642a3de9a28f9e3-integrity/node_modules/glob-parent/LICENSE' -> '/Users/mac/workspace/vite-project/node_modules/eslint/node_modules/glob-parent/LICENSE'

npm manifest: 
  {
    "name": "vite-project",
    "private": true,
    "version": "0.0.0",
    "scripts": {
      "dev": "vite",
      "build": "tsc && vite build",
      "lint": "npm run lint:script && npm run lint:style",
      "lint:style": "stylelint --fix \"src/**/*.{css,scss}\"",
      "postinstall": "husky install"
    },
    "lint-staged": {
      "**/*.{js,jsx,tsx,ts}": [
        "npm run lint:script",
        "git add ."
      ],
      "**/*.{scss}": [
        "npm run lint:style",
        "git add ."
      ]
    },
    "dependencies": {
      "react": "^18.0.0",
      "react-dom": "^18.0.0"
    },
    "devDependencies": {
      "@amatlash/vite-plugin-stylelint": "^1.2.0",
      "@commitlint/cli": "^17.0.3",
      "@commitlint/config-conventional": "^17.0.3",
      "@types/node": "^18.0.3",
      "@types/react": "^18.0.0",
      "@types/react-dom": "^18.0.0",
      "@typescript-eslint/eslint-plugin": "^5.30.6",
      "@typescript-eslint/parser": "^5.30.6",
      "@vitejs/plugin-react": "^1.3.0",
      "autoprefixer": "^10.4.7",
      "commitlint": "^17.0.3",
      "eslint": ">=5.16.0",
      "eslint-config-google": "^0.14.0",
      "eslint-config-prettier": "^8.5.0",
      "eslint-plugin-prettier": "^4.2.1",
      "eslint-plugin-react": "^7.30.1",
      "husky": "^8.0.1",
      "lint-staged": "^13.0.3",
      "prettier": "^2.7.1",
      "sass": "^1.53.0",
      "stylelint": "^14.9.1",
      "stylelint-config-prettier": "^9.0.3",
      "stylelint-config-recess-order": "^3.0.0",
      "stylelint-config-standard": "^26.0.0",
      "stylelint-config-standard-scss": "^4.0.0",
      "stylelint-prettier": "^2.0.0",
      "typescript": "^4.6.3",
      "vite": "^2.9.9",
      "vite-plugin-eslint": "^1.6.1",
      "vite-plugin-svgr": "^2.2.0"
    },
    "pnpm": {
      "overrides": {
        "bin-wrapper": "npm:bin-wrapper-china"
      }
    }
  }

yarn manifest: 
  No manifest

Lockfile: 
  No lockfile
